2022-06-27T06:41:38.292Z debug: [object Object]
2022-06-27T06:41:47.639Z debug: req.body
2022-06-27T06:41:47.639Z debug: {"userName":"super","password":"test123","rememberMe":true}
2022-06-27T06:41:47.640Z debug: Session user details: undefined
2022-06-27T06:41:47.711Z debug: [object Object]
2022-06-27T07:35:25.715Z debug: PayorProcessing statrts:{"LicenseeID":"ba547e62-3812-493f-b58d-800b212a728c"}
2022-06-27T07:35:26.989Z debug: PayorProcessing Ends:0
2022-06-27T07:35:39.815Z debug: getPayorsList: processing begins
2022-06-27T07:35:40.167Z debug: getPayorsList: processing Ends!!!!!
2022-06-27T07:36:44.007Z debug: getPayorsList: processing begins
2022-06-27T07:36:44.328Z debug: getPayorsList: processing Ends!!!!!
2022-06-27T07:39:43.593Z debug: getPayorsList: processing begins
2022-06-27T07:39:43.927Z debug: getPayorsList: processing Ends!!!!!
2022-06-27T07:39:53.770Z debug: getPayorsList: processing begins
2022-06-27T07:39:54.100Z debug: getPayorsList: processing Ends!!!!!
2022-06-27T08:28:28.399Z debug: getPayorsList: processing begins
2022-06-27T08:28:29.979Z debug: getPayorsList: processing begins
2022-06-27T08:28:30.303Z debug: getPayorsList: processing Ends!!!!!
2022-06-27T08:28:31.064Z debug: getPayorsList: processing Ends!!!!!
2022-06-27T09:03:27.875Z debug: getPayorsList: processing begins
2022-06-27T09:03:44.519Z debug: getPayorsList: processing Ends!!!!!
2022-06-27T09:03:56.189Z debug: getPayorsList: processing begins
2022-06-27T09:03:56.534Z debug: getPayorsList: processing Ends!!!!!
2022-06-27T09:04:21.627Z debug: getPayorsList: processing begins
2022-06-27T09:04:21.979Z debug: getPayorsList: processing Ends!!!!!
2022-06-27T09:04:22.438Z debug: getPayorsList: processing begins
2022-06-27T09:04:22.785Z debug: getPayorsList: processing Ends!!!!!
2022-06-27T09:05:37.137Z debug: getPayorsList: processing begins
2022-06-27T09:05:37.676Z debug: getPayorsList: processing begins
2022-06-27T09:05:38.021Z debug: getPayorsList: processing Ends!!!!!
2022-06-27T09:05:38.763Z debug: getPayorsList: processing Ends!!!!!
2022-06-27T09:07:10.992Z debug: getPayorsList: processing begins
2022-06-27T09:07:11.338Z debug: getPayorsList: processing Ends!!!!!
2022-06-27T09:07:11.426Z debug: getPayorsList: processing begins
2022-06-27T09:07:11.771Z debug: getPayorsList: processing Ends!!!!!
2022-06-27T09:08:58.406Z debug: getPayorsList: processing begins
2022-06-27T09:08:58.751Z debug: getPayorsList: processing Ends!!!!!
2022-06-27T09:08:59.007Z debug: getPayorsList: processing begins
2022-06-27T09:08:59.353Z debug: getPayorsList: processing Ends!!!!!
2022-06-27T09:10:05.571Z debug: getPayorsList: processing begins
2022-06-27T09:10:05.919Z debug: getPayorsList: processing Ends!!!!!
2022-06-27T09:10:06.459Z debug: getPayorsList: processing begins
2022-06-27T09:10:06.801Z debug: getPayorsList: processing Ends!!!!!
2022-06-27T09:10:50.709Z debug: getPayorsList: processing begins
2022-06-27T09:10:51.050Z debug: getPayorsList: processing Ends!!!!!
2022-06-27T09:10:51.400Z debug: getPayorsList: processing begins
2022-06-27T09:10:51.740Z debug: getPayorsList: processing Ends!!!!!
2022-06-27T09:11:18.779Z debug: getPayorsList: processing begins
2022-06-27T09:11:19.122Z debug: getPayorsList: processing Ends!!!!!
2022-06-27T09:11:20.207Z debug: getPayorsList: processing begins
2022-06-27T09:11:20.557Z debug: getPayorsList: processing Ends!!!!!
2022-06-27T09:12:03.189Z debug: getPayorsList: processing begins
2022-06-27T09:12:03.356Z debug: getPayorsList: processing begins
2022-06-27T09:12:03.531Z debug: getPayorsList: processing Ends!!!!!
2022-06-27T09:12:03.694Z debug: getPayorsList: processing Ends!!!!!
2022-06-27T09:12:23.007Z debug: getPayorsList: processing begins
2022-06-27T09:12:23.193Z debug: getPayorsList: processing begins
2022-06-27T09:12:23.345Z debug: getPayorsList: processing Ends!!!!!
2022-06-27T09:12:23.536Z debug: getPayorsList: processing Ends!!!!!
2022-06-27T09:13:04.300Z debug: getPayorsList: processing begins
2022-06-27T09:13:04.463Z debug: getPayorsList: processing begins
2022-06-27T09:13:04.645Z debug: getPayorsList: processing Ends!!!!!
2022-06-27T09:13:04.804Z debug: getPayorsList: processing Ends!!!!!
2022-06-27T09:14:22.862Z debug: getPayorsList: processing begins
2022-06-27T09:14:23.069Z debug: getPayorsList: processing begins
2022-06-27T09:14:23.202Z debug: getPayorsList: processing Ends!!!!!
2022-06-27T09:14:23.432Z debug: getPayorsList: processing Ends!!!!!
2022-06-27T09:14:46.603Z debug: getPayorsList: processing begins
2022-06-27T09:14:46.948Z debug: getPayorsList: processing Ends!!!!!
2022-06-27T09:14:47.088Z debug: getPayorsList: processing begins
2022-06-27T09:14:47.425Z debug: getPayorsList: processing Ends!!!!!
2022-06-27T09:15:28.208Z debug: getPayorsList: processing begins
2022-06-27T09:15:28.556Z debug: getPayorsList: processing Ends!!!!!
2022-06-27T09:15:28.851Z debug: getPayorsList: processing begins
2022-06-27T09:15:29.193Z debug: getPayorsList: processing Ends!!!!!
2022-06-27T09:16:12.208Z debug: getPayorsList: processing begins
2022-06-27T09:16:12.547Z debug: getPayorsList: processing Ends!!!!!
2022-06-27T09:16:12.865Z debug: getPayorsList: processing begins
2022-06-27T09:16:13.207Z debug: getPayorsList: processing Ends!!!!!
2022-06-27T09:16:33.278Z debug: getPayorsList: processing begins
2022-06-27T09:16:33.677Z debug: getPayorsList: processing Ends!!!!!
2022-06-27T09:16:33.910Z debug: getPayorsList: processing begins
2022-06-27T09:16:34.262Z debug: getPayorsList: processing Ends!!!!!
2022-06-27T09:57:30.276Z debug: [object Object]
2022-06-27T09:57:47.397Z debug: Session user details: undefined
2022-06-27T09:57:47.396Z debug: {"userName":"super","password":"Super19!","rememberMe":""}
2022-06-27T09:57:47.395Z debug: req.body
2022-06-27T09:57:47.866Z debug: [object Object]
2022-06-28T08:49:43.368Z debug: [object Object]
2022-06-28T08:49:49.524Z debug: req.body
2022-06-28T08:49:49.524Z debug: {"userName":"super","password":"test123","rememberMe":""}
2022-06-28T08:49:49.525Z debug: Session user details: undefined
2022-06-28T08:49:49.928Z debug: [object Object]
2022-06-28T10:13:56.813Z debug: [object Object]
2022-06-28T10:13:59.564Z debug: req.body
2022-06-28T10:13:59.564Z debug: {"userName":"super","password":"test123","rememberMe":""}
2022-06-28T10:13:59.566Z debug: Session user details: undefined
2022-06-28T10:13:59.918Z debug: [object Object]
2022-06-29T05:07:15.492Z debug: [object Object]
2022-06-29T05:18:39.979Z debug: [object Object]
2022-06-29T05:18:45.097Z debug: {"userName":"super","password":"test123","rememberMe":true}
2022-06-29T05:18:45.096Z debug: req.body
2022-06-29T05:18:45.099Z debug: Session user details: undefined
2022-06-29T05:18:45.220Z debug: [object Object]
2022-06-30T04:54:27.592Z debug: [object Object]
2022-06-30T04:54:34.151Z debug: req.body
2022-06-30T04:54:34.152Z debug: {"userName":"super","password":"test123","rememberMe":""}
2022-06-30T04:54:34.153Z debug: Session user details: undefined
2022-06-30T04:54:34.261Z debug: [object Object]
2022-06-30T07:12:25.998Z debug: [object Object]
2022-06-30T07:12:28.606Z debug: Session user details: undefined
2022-06-30T07:12:28.606Z debug: {"userName":"super","password":"test123","rememberMe":""}
2022-06-30T07:12:28.605Z debug: req.body
2022-06-30T07:12:28.922Z debug: [object Object]
